{
  "RSpec": {
    "coverage": {
      "/Users/Bartels/CraftA/Ruby_Rails/movie-review-api/app/models/user.rb": [
        1,
        null,
        1,
        null,
        null,
        1,
        null
      ],
      "/Users/Bartels/CraftA/Ruby_Rails/movie-review-api/app/controllers/api/v0/ping_controller.rb": [
        0,
        0,
        0,
        0,
        0
      ],
      "/Users/Bartels/CraftA/Ruby_Rails/movie-review-api/app/controllers/application_controller.rb": [
        0,
        0,
        0
      ],
      "/Users/Bartels/CraftA/Ruby_Rails/movie-review-api/app/models/application_record.rb": [
        0,
        0,
        0
      ]
    },
    "timestamp": 1519750518
  }
}
